#! /usr/local/iverilog/bin/vvp
:ivl_version "11.0 (devel)" "(s20150603-642-g3bdb50da)";
:ivl_delay_selection "TYPICAL";
:vpi_time_precision + 0;
:vpi_module "system";
:vpi_module "vhdl_sys";
:vpi_module "vhdl_textio";
:vpi_module "v2005_math";
:vpi_module "va_math";
S_00000000001ab660 .scope module, "TOP" "TOP" 2 1;
 .timescale 0 0;
v00000000009f6230_0 .var "num", 3 0;
v00000000009f6410_0 .net "out", 0 0, L_0000000000a4f990;  1 drivers
v00000000009f6cd0_0 .net "w", 0 0, L_00000000009f65f0;  1 drivers
v00000000009f67d0_0 .net "x", 0 0, L_00000000009f6870;  1 drivers
v00000000009f64b0_0 .net "y", 0 0, L_00000000009f6e10;  1 drivers
v00000000009f6550_0 .net "z", 0 0, L_0000000000a00670;  1 drivers
L_00000000009f65f0 .part v00000000009f6230_0, 3, 1;
L_00000000009f6870 .part v00000000009f6230_0, 2, 1;
L_00000000009f6e10 .part v00000000009f6230_0, 1, 1;
L_0000000000a00670 .part v00000000009f6230_0, 0, 1;
S_0000000000a06870 .scope module, "SEG_B" "num_7seg_B" 2 7, 3 2 0, S_00000000001ab660;
 .timescale 0 0;
    .port_info 0 /OUTPUT 1 "out";
    .port_info 1 /INPUT 1 "w";
    .port_info 2 /INPUT 1 "x";
    .port_info 3 /INPUT 1 "y";
    .port_info 4 /INPUT 1 "z";
L_00000000001ab7f0 .functor NOT 1, L_00000000009f6e10, C4<0>, C4<0>, C4<0>;
L_0000000000a06a00 .functor NOT 1, L_0000000000a00670, C4<0>, C4<0>, C4<0>;
L_0000000000a06a70 .functor AND 1, L_00000000001ab7f0, L_0000000000a06a00, C4<1>, C4<1>;
L_0000000000a06ae0 .functor OR 1, L_0000000000a06a70, L_00000000009f65f0, C4<0>, C4<0>;
L_0000000000a06b50 .functor NOT 1, L_0000000000a00670, C4<0>, C4<0>, C4<0>;
L_0000000000a06bc0 .functor AND 1, L_00000000009f6870, L_0000000000a06b50, C4<1>, C4<1>;
L_0000000000a4f840 .functor OR 1, L_0000000000a06ae0, L_0000000000a06bc0, C4<0>, C4<0>;
L_0000000000a4f8b0 .functor NOT 1, L_00000000009f6e10, C4<0>, C4<0>, C4<0>;
L_0000000000a4f920 .functor AND 1, L_00000000009f6870, L_0000000000a4f8b0, C4<1>, C4<1>;
L_0000000000a4f990 .functor OR 1, L_0000000000a4f840, L_0000000000a4f920, C4<0>, C4<0>;
v00000000009f6370_0 .net *"_s0", 0 0, L_00000000001ab7f0;  1 drivers
v00000000009f6d70_0 .net *"_s10", 0 0, L_0000000000a06bc0;  1 drivers
v00000000009f5fb0_0 .net *"_s12", 0 0, L_0000000000a4f840;  1 drivers
v00000000009f6190_0 .net *"_s14", 0 0, L_0000000000a4f8b0;  1 drivers
v00000000009f6690_0 .net *"_s16", 0 0, L_0000000000a4f920;  1 drivers
v00000000009f69b0_0 .net *"_s2", 0 0, L_0000000000a06a00;  1 drivers
v00000000009f6730_0 .net *"_s4", 0 0, L_0000000000a06a70;  1 drivers
v00000000009f60f0_0 .net *"_s6", 0 0, L_0000000000a06ae0;  1 drivers
v00000000009f6050_0 .net *"_s8", 0 0, L_0000000000a06b50;  1 drivers
v00000000009f6a50_0 .net "out", 0 0, L_0000000000a4f990;  alias, 1 drivers
v00000000009f6af0_0 .net "w", 0 0, L_00000000009f65f0;  alias, 1 drivers
v00000000009f6b90_0 .net "x", 0 0, L_00000000009f6870;  alias, 1 drivers
v00000000009f62d0_0 .net "y", 0 0, L_00000000009f6e10;  alias, 1 drivers
v00000000009f6c30_0 .net "z", 0 0, L_0000000000a00670;  alias, 1 drivers
    .scope S_00000000001ab660;
T_0 ;
    %delay 200, 0;
    %vpi_call 2 11 "$finish" {0 0 0};
    %end;
    .thread T_0;
    .scope S_00000000001ab660;
T_1 ;
    %pushi/vec4 0, 0, 4;
    %store/vec4 v00000000009f6230_0, 0, 4;
    %pushi/vec4 15, 0, 32;
T_1.0 %dup/vec4;
    %pushi/vec4 0, 0, 32;
    %cmp/s;
    %jmp/1xz T_1.1, 5;
    %jmp/1 T_1.1, 4;
    %pushi/vec4 1, 0, 32;
    %sub;
    %delay 5, 0;
    %load/vec4 v00000000009f6230_0;
    %addi 1, 0, 4;
    %store/vec4 v00000000009f6230_0, 0, 4;
    %jmp T_1.0;
T_1.1 ;
    %pop/vec4 1;
    %end;
    .thread T_1;
    .scope S_00000000001ab660;
T_2 ;
    %vpi_call 2 24 "$dumpfile", "h1_output.vcd" {0 0 0};
    %vpi_call 2 25 "$dumpvars" {0 0 0};
    %end;
    .thread T_2;
# The file index is used to find the file name in the following table.
:file_names 4;
    "N/A";
    "<interactive>";
    "h1_top.v";
    "num_7seg_B.v";
