#! /usr/local/iverilog/bin/vvp
:ivl_version "11.0 (devel)" "(s20150603-642-g3bdb50da)";
:ivl_delay_selection "TYPICAL";
:vpi_time_precision + 0;
:vpi_module "system";
:vpi_module "vhdl_sys";
:vpi_module "vhdl_textio";
:vpi_module "v2005_math";
:vpi_module "va_math";
S_0000000000c5dc60 .scope module, "TOP" "TOP" 2 34;
 .timescale 0 0;
v00000000008ba980_0 .var "CLOCK", 0 0;
v00000000008baa20_0 .net "p_state", 1 0, v0000000000874c60_0;  1 drivers
v00000000008baac0_0 .var "t_reset", 0 0;
v00000000008bab60_0 .var "x_in", 0 0;
v00000000008bac00_0 .net "y_out", 0 0, L_00000000008baca0;  1 drivers
S_0000000000874990 .scope module, "Z1" "zero_detector" 2 42, 2 1 0, S_0000000000c5dc60;
 .timescale 0 0;
    .port_info 0 /OUTPUT 2 "present_state";
    .port_info 1 /OUTPUT 1 "y";
    .port_info 2 /INPUT 1 "x";
    .port_info 3 /INPUT 1 "clock";
    .port_info 4 /INPUT 1 "reset";
v0000000000874b20_0 .net "clock", 0 0, v00000000008ba980_0;  1 drivers
v0000000000874bc0_0 .var "next_state", 1 0;
v0000000000874c60_0 .var "present_state", 1 0;
v0000000000874d00_0 .net "reset", 0 0, v00000000008baac0_0;  1 drivers
v00000000008ba840_0 .net "x", 0 0, v00000000008bab60_0;  1 drivers
v00000000008ba8e0_0 .net "y", 0 0, L_00000000008baca0;  alias, 1 drivers
E_0000000000c5b9b0/0 .event negedge, v0000000000874d00_0;
E_0000000000c5b9b0/1 .event posedge, v0000000000874b20_0;
E_0000000000c5b9b0 .event/or E_0000000000c5b9b0/0, E_0000000000c5b9b0/1;
E_0000000000c5b6b0 .event edge, v0000000000874c60_0, v00000000008ba840_0;
L_00000000008baca0 .part v0000000000874c60_0, 1, 1;
    .scope S_0000000000874990;
T_0 ;
    %wait E_0000000000c5b6b0;
    %load/vec4 v0000000000874c60_0;
    %parti/s 1, 1, 2;
    %load/vec4 v00000000008ba840_0;
    %inv;
    %and;
    %load/vec4 v0000000000874c60_0;
    %parti/s 1, 0, 2;
    %load/vec4 v00000000008ba840_0;
    %inv;
    %and;
    %or;
    %ix/load 4, 1, 0;
    %flag_set/imm 4, 0;
    %store/vec4 v0000000000874bc0_0, 4, 1;
    %load/vec4 v0000000000874c60_0;
    %parti/s 1, 1, 2;
    %inv;
    %load/vec4 v0000000000874c60_0;
    %parti/s 1, 0, 2;
    %inv;
    %and;
    %load/vec4 v00000000008ba840_0;
    %inv;
    %and;
    %ix/load 4, 0, 0;
    %flag_set/imm 4, 0;
    %store/vec4 v0000000000874bc0_0, 4, 1;
    %jmp T_0;
    .thread T_0, $push;
    .scope S_0000000000874990;
T_1 ;
    %wait E_0000000000c5b9b0;
    %load/vec4 v0000000000874d00_0;
    %nor/r;
    %flag_set/vec4 8;
    %jmp/0xz  T_1.0, 8;
    %pushi/vec4 0, 0, 2;
    %assign/vec4 v0000000000874c60_0, 0;
    %jmp T_1.1;
T_1.0 ;
    %load/vec4 v0000000000874bc0_0;
    %assign/vec4 v0000000000874c60_0, 0;
T_1.1 ;
    %jmp T_1;
    .thread T_1;
    .scope S_0000000000c5dc60;
T_2 ;
    %delay 200, 0;
    %vpi_call 2 45 "$finish" {0 0 0};
    %end;
    .thread T_2;
    .scope S_0000000000c5dc60;
T_3 ;
    %pushi/vec4 0, 0, 1;
    %store/vec4 v00000000008baac0_0, 0, 1;
    %delay 3, 0;
    %pushi/vec4 1, 0, 1;
    %store/vec4 v00000000008baac0_0, 0, 1;
    %end;
    .thread T_3;
    .scope S_0000000000c5dc60;
T_4 ;
    %pushi/vec4 0, 0, 1;
    %store/vec4 v00000000008ba980_0, 0, 1;
    %pushi/vec4 40, 0, 32;
T_4.0 %dup/vec4;
    %pushi/vec4 0, 0, 32;
    %cmp/s;
    %jmp/1xz T_4.1, 5;
    %jmp/1 T_4.1, 4;
    %pushi/vec4 1, 0, 32;
    %sub;
    %delay 5, 0;
    %load/vec4 v00000000008ba980_0;
    %inv;
    %store/vec4 v00000000008ba980_0, 0, 1;
    %jmp T_4.0;
T_4.1 ;
    %pop/vec4 1;
    %end;
    .thread T_4;
    .scope S_0000000000c5dc60;
T_5 ;
    %pushi/vec4 0, 0, 1;
    %store/vec4 v00000000008bab60_0, 0, 1;
    %delay 12, 0;
    %pushi/vec4 1, 0, 1;
    %store/vec4 v00000000008bab60_0, 0, 1;
    %pushi/vec4 8, 0, 32;
T_5.0 %dup/vec4;
    %pushi/vec4 0, 0, 32;
    %cmp/s;
    %jmp/1xz T_5.1, 5;
    %jmp/1 T_5.1, 4;
    %pushi/vec4 1, 0, 32;
    %sub;
    %delay 20, 0;
    %load/vec4 v00000000008bab60_0;
    %inv;
    %store/vec4 v00000000008bab60_0, 0, 1;
    %jmp T_5.0;
T_5.1 ;
    %pop/vec4 1;
    %end;
    .thread T_5;
    .scope S_0000000000c5dc60;
T_6 ;
    %vpi_call 2 73 "$dumpfile", "hw_dump.vcd" {0 0 0};
    %vpi_call 2 74 "$dumpvars" {0 0 0};
    %end;
    .thread T_6;
# The file index is used to find the file name in the following table.
:file_names 3;
    "N/A";
    "<interactive>";
    "zero_detector.v";
