#! /usr/local/iverilog/bin/vvp
:ivl_version "11.0 (devel)" "(s20150603-642-g3bdb50da)";
:ivl_delay_selection "TYPICAL";
:vpi_time_precision + 0;
:vpi_module "system";
:vpi_module "vhdl_sys";
:vpi_module "vhdl_textio";
:vpi_module "v2005_math";
:vpi_module "va_math";
S_000000000089fbb0 .scope module, "TOP" "TOP" 2 3;
 .timescale 0 0;
P_0000000000899020 .param/l "WIDTH" 0 2 4, +C4<00000000000000000000000000010000>;
v00000000008fd9f0_0 .var/s "a", 15 0;
v00000000008fe210 .array/s "a_test", 9 0, 15 0;
v00000000008fc910_0 .var/s "b", 15 0;
v00000000008fdbd0 .array/s "b_test", 9 0, 15 0;
v00000000008fd310_0 .net "carry", 0 0, L_0000000000900c90;  1 drivers
v00000000008fc7d0_0 .var "i", 31 0;
v00000000008fd1d0 .array/s "m_test", 9 0, 0 0;
v00000000008fd450_0 .net "overflow", 0 0, L_0000000000901d20;  1 drivers
v00000000008fca50_0 .var "sub_not_add", 0 0;
v00000000008fc870_0 .net/s "sum", 15 0, L_0000000000892240;  1 drivers
S_000000000093de50 .scope module, "CLA" "addsub_cla" 2 19, 3 20 0, S_000000000089fbb0;
 .timescale 0 0;
    .port_info 0 /INPUT 16 "A";
    .port_info 1 /INPUT 16 "B";
    .port_info 2 /OUTPUT 16 "S";
    .port_info 3 /OUTPUT 1 "C";
    .port_info 4 /INPUT 1 "M";
    .port_info 5 /OUTPUT 1 "V";
P_00000000008997e0 .param/l "W" 0 3 21, +C4<00000000000000000000000000010000>;
L_00000000008921d0 .functor XOR 16, v00000000008fc910_0, L_00000000008fda90, C4<0000000000000000>, C4<0000000000000000>;
L_0000000000892550 .functor XOR 16, v00000000008fd9f0_0, L_00000000008921d0, C4<0000000000000000>, C4<0000000000000000>;
L_0000000000892c50 .functor XOR 16, v00000000008fc910_0, L_00000000008fd130, C4<0000000000000000>, C4<0000000000000000>;
L_00000000008928d0 .functor AND 16, v00000000008fd9f0_0, L_0000000000892c50, C4<1111111111111111>, C4<1111111111111111>;
L_0000000000892240 .functor XOR 16, L_0000000000892550, L_00000000008fdd10, C4<0000000000000000>, C4<0000000000000000>;
L_0000000000901d20 .functor XOR 1, L_0000000000901050, L_00000000008ff250, C4<0>, C4<0>;
v00000000008fc550_0 .net "A", 15 0, v00000000008fd9f0_0;  1 drivers
v00000000008fdb30_0 .net "B", 15 0, v00000000008fc910_0;  1 drivers
v00000000008fc410_0 .net "C", 0 0, L_0000000000900c90;  alias, 1 drivers
v00000000008fd770_0 .net "Carry", 16 0, L_0000000000900970;  1 drivers
v00000000008fce10_0 .net "G", 15 0, L_00000000008928d0;  1 drivers
v00000000008fddb0_0 .net "M", 0 0, v00000000008fca50_0;  1 drivers
v00000000008fc690_0 .net "P", 15 0, L_0000000000892550;  1 drivers
v00000000008fc5f0_0 .net "S", 15 0, L_0000000000892240;  alias, 1 drivers
v00000000008fde50_0 .net "V", 0 0, L_0000000000901d20;  alias, 1 drivers
v00000000008fd630_0 .net *"_s0", 15 0, L_00000000008fda90;  1 drivers
v00000000008fe0d0_0 .net *"_s13", 15 0, L_00000000008fdd10;  1 drivers
v00000000008fc730_0 .net *"_s19", 0 0, L_0000000000901050;  1 drivers
v00000000008fdf90_0 .net *"_s2", 15 0, L_00000000008921d0;  1 drivers
v00000000008fd090_0 .net *"_s21", 0 0, L_00000000008ff250;  1 drivers
v00000000008fe170_0 .net *"_s6", 15 0, L_00000000008fd130;  1 drivers
v00000000008fcf50_0 .net *"_s8", 15 0, L_0000000000892c50;  1 drivers
LS_00000000008fda90_0_0 .concat [ 1 1 1 1], v00000000008fca50_0, v00000000008fca50_0, v00000000008fca50_0, v00000000008fca50_0;
LS_00000000008fda90_0_4 .concat [ 1 1 1 1], v00000000008fca50_0, v00000000008fca50_0, v00000000008fca50_0, v00000000008fca50_0;
LS_00000000008fda90_0_8 .concat [ 1 1 1 1], v00000000008fca50_0, v00000000008fca50_0, v00000000008fca50_0, v00000000008fca50_0;
LS_00000000008fda90_0_12 .concat [ 1 1 1 1], v00000000008fca50_0, v00000000008fca50_0, v00000000008fca50_0, v00000000008fca50_0;
L_00000000008fda90 .concat [ 4 4 4 4], LS_00000000008fda90_0_0, LS_00000000008fda90_0_4, LS_00000000008fda90_0_8, LS_00000000008fda90_0_12;
LS_00000000008fd130_0_0 .concat [ 1 1 1 1], v00000000008fca50_0, v00000000008fca50_0, v00000000008fca50_0, v00000000008fca50_0;
LS_00000000008fd130_0_4 .concat [ 1 1 1 1], v00000000008fca50_0, v00000000008fca50_0, v00000000008fca50_0, v00000000008fca50_0;
LS_00000000008fd130_0_8 .concat [ 1 1 1 1], v00000000008fca50_0, v00000000008fca50_0, v00000000008fca50_0, v00000000008fca50_0;
LS_00000000008fd130_0_12 .concat [ 1 1 1 1], v00000000008fca50_0, v00000000008fca50_0, v00000000008fca50_0, v00000000008fca50_0;
L_00000000008fd130 .concat [ 4 4 4 4], LS_00000000008fd130_0_0, LS_00000000008fd130_0_4, LS_00000000008fd130_0_8, LS_00000000008fd130_0_12;
L_00000000008fdd10 .part L_0000000000900970, 0, 16;
L_0000000000900c90 .part L_0000000000900970, 16, 1;
L_0000000000901050 .part L_0000000000900970, 16, 1;
L_00000000008ff250 .part L_0000000000900970, 15, 1;
S_000000000093dfe0 .scope module, "CLAGEN" "cla_gen" 3 36, 3 1 0, S_000000000093de50;
 .timescale 0 0;
    .port_info 0 /INPUT 16 "P";
    .port_info 1 /INPUT 16 "G";
    .port_info 2 /INPUT 1 "C0";
    .port_info 3 /OUTPUT 17 "C";
P_00000000008993a0 .param/l "W" 0 3 2, +C4<00000000000000000000000000010000>;
L_0000000000901770 .functor BUFZ 1, v00000000008fca50_0, C4<0>, C4<0>, C4<0>;
v00000000008fc4b0_0 .net "C", 16 0, L_0000000000900970;  alias, 1 drivers
v00000000008fceb0_0 .net "C0", 0 0, v00000000008fca50_0;  alias, 1 drivers
v00000000008fd950_0 .net "G", 15 0, L_00000000008928d0;  alias, 1 drivers
v00000000008fccd0_0 .net "P", 15 0, L_0000000000892550;  alias, 1 drivers
v00000000008fc9b0_0 .net *"_s84", 0 0, L_0000000000901770;  1 drivers
L_00000000008fcaf0 .part L_00000000008928d0, 0, 1;
L_00000000008fdc70 .part L_0000000000892550, 0, 1;
L_00000000008fd3b0 .part L_0000000000900970, 0, 1;
L_00000000008fcb90 .part L_00000000008928d0, 1, 1;
L_00000000008fcff0 .part L_0000000000892550, 1, 1;
L_00000000008fc370 .part L_0000000000900970, 1, 1;
L_00000000008fcc30 .part L_00000000008928d0, 2, 1;
L_00000000008fcd70 .part L_0000000000892550, 2, 1;
L_00000000008fd270 .part L_0000000000900970, 2, 1;
L_00000000008fd4f0 .part L_00000000008928d0, 3, 1;
L_00000000008fd590 .part L_0000000000892550, 3, 1;
L_00000000008fd6d0 .part L_0000000000900970, 3, 1;
L_00000000008ff890 .part L_00000000008928d0, 4, 1;
L_0000000000900830 .part L_0000000000892550, 4, 1;
L_0000000000900fb0 .part L_0000000000900970, 4, 1;
L_00000000008ffd90 .part L_00000000008928d0, 5, 1;
L_0000000000900290 .part L_0000000000892550, 5, 1;
L_0000000000900e70 .part L_0000000000900970, 5, 1;
L_00000000009005b0 .part L_00000000008928d0, 6, 1;
L_0000000000900d30 .part L_0000000000892550, 6, 1;
L_00000000008ffe30 .part L_0000000000900970, 6, 1;
L_0000000000900010 .part L_00000000008928d0, 7, 1;
L_0000000000900dd0 .part L_0000000000892550, 7, 1;
L_0000000000900150 .part L_0000000000900970, 7, 1;
L_00000000009006f0 .part L_00000000008928d0, 8, 1;
L_00000000008ff930 .part L_0000000000892550, 8, 1;
L_00000000008ffed0 .part L_0000000000900970, 8, 1;
L_00000000008fff70 .part L_00000000008928d0, 9, 1;
L_0000000000900f10 .part L_0000000000892550, 9, 1;
L_0000000000900b50 .part L_0000000000900970, 9, 1;
L_00000000008ff9d0 .part L_00000000008928d0, 10, 1;
L_0000000000900330 .part L_0000000000892550, 10, 1;
L_0000000000900470 .part L_0000000000900970, 10, 1;
L_00000000008ff390 .part L_00000000008928d0, 11, 1;
L_00000000008ffcf0 .part L_0000000000892550, 11, 1;
L_00000000008ff570 .part L_0000000000900970, 11, 1;
L_00000000009000b0 .part L_00000000008928d0, 12, 1;
L_00000000008ff610 .part L_0000000000892550, 12, 1;
L_0000000000900650 .part L_0000000000900970, 12, 1;
L_00000000009003d0 .part L_00000000008928d0, 13, 1;
L_00000000009001f0 .part L_0000000000892550, 13, 1;
L_0000000000900510 .part L_0000000000900970, 13, 1;
L_0000000000900790 .part L_00000000008928d0, 14, 1;
L_00000000008ffbb0 .part L_0000000000892550, 14, 1;
L_0000000000900bf0 .part L_0000000000900970, 14, 1;
L_0000000000900ab0 .part L_00000000008928d0, 15, 1;
L_00000000009008d0 .part L_0000000000892550, 15, 1;
L_00000000008ff1b0 .part L_0000000000900970, 15, 1;
LS_0000000000900970_0_0 .concat8 [ 1 1 1 1], L_0000000000901770, L_0000000000892940, L_00000000008922b0, L_00000000008927f0;
LS_0000000000900970_0_4 .concat8 [ 1 1 1 1], L_0000000000892320, L_0000000000892da0, L_0000000000892710, L_0000000000892b00;
LS_0000000000900970_0_8 .concat8 [ 1 1 1 1], L_00000000008929b0, L_0000000000892390, L_00000000009014d0, L_00000000009013f0;
LS_0000000000900970_0_12 .concat8 [ 1 1 1 1], L_0000000000901850, L_0000000000901cb0, L_0000000000901540, L_0000000000901b60;
LS_0000000000900970_0_16 .concat8 [ 1 0 0 0], L_0000000000901230;
LS_0000000000900970_1_0 .concat8 [ 4 4 4 4], LS_0000000000900970_0_0, LS_0000000000900970_0_4, LS_0000000000900970_0_8, LS_0000000000900970_0_12;
LS_0000000000900970_1_4 .concat8 [ 1 0 0 0], LS_0000000000900970_0_16;
L_0000000000900970 .concat8 [ 16 1 0 0], LS_0000000000900970_1_0, LS_0000000000900970_1_4;
S_0000000000937db0 .scope generate, "cla_gen[0]" "cla_gen[0]" 3 12, 3 12 0, S_000000000093dfe0;
 .timescale 0 0;
P_00000000008998e0 .param/l "i" 0 3 12, +C4<00>;
L_0000000000892cc0 .functor AND 1, L_00000000008fdc70, L_00000000008fd3b0, C4<1>, C4<1>;
L_0000000000892940 .functor OR 1, L_00000000008fcaf0, L_0000000000892cc0, C4<0>, C4<0>;
v000000000088dac0_0 .net *"_s0", 0 0, L_00000000008fcaf0;  1 drivers
v000000000088dc00_0 .net *"_s1", 0 0, L_00000000008fdc70;  1 drivers
v000000000088de80_0 .net *"_s2", 0 0, L_00000000008fd3b0;  1 drivers
v000000000088e1a0_0 .net *"_s3", 0 0, L_0000000000892cc0;  1 drivers
v000000000088d3e0_0 .net *"_s5", 0 0, L_0000000000892940;  1 drivers
S_0000000000937f40 .scope generate, "cla_gen[1]" "cla_gen[1]" 3 12, 3 12 0, S_000000000093dfe0;
 .timescale 0 0;
P_00000000008996a0 .param/l "i" 0 3 12, +C4<01>;
L_0000000000892470 .functor AND 1, L_00000000008fcff0, L_00000000008fc370, C4<1>, C4<1>;
L_00000000008922b0 .functor OR 1, L_00000000008fcb90, L_0000000000892470, C4<0>, C4<0>;
v000000000088df20_0 .net *"_s0", 0 0, L_00000000008fcb90;  1 drivers
v000000000088ee20_0 .net *"_s1", 0 0, L_00000000008fcff0;  1 drivers
v000000000088e7e0_0 .net *"_s2", 0 0, L_00000000008fc370;  1 drivers
v000000000088ec40_0 .net *"_s3", 0 0, L_0000000000892470;  1 drivers
v000000000088dfc0_0 .net *"_s5", 0 0, L_00000000008922b0;  1 drivers
S_00000000008f6030 .scope generate, "cla_gen[2]" "cla_gen[2]" 3 12, 3 12 0, S_000000000093dfe0;
 .timescale 0 0;
P_0000000000898ca0 .param/l "i" 0 3 12, +C4<010>;
L_0000000000892e10 .functor AND 1, L_00000000008fcd70, L_00000000008fd270, C4<1>, C4<1>;
L_00000000008927f0 .functor OR 1, L_00000000008fcc30, L_0000000000892e10, C4<0>, C4<0>;
v000000000088e060_0 .net *"_s0", 0 0, L_00000000008fcc30;  1 drivers
v000000000088e2e0_0 .net *"_s1", 0 0, L_00000000008fcd70;  1 drivers
v000000000088d520_0 .net *"_s2", 0 0, L_00000000008fd270;  1 drivers
v000000000088d5c0_0 .net *"_s3", 0 0, L_0000000000892e10;  1 drivers
v000000000088d700_0 .net *"_s5", 0 0, L_00000000008927f0;  1 drivers
S_00000000008f61c0 .scope generate, "cla_gen[3]" "cla_gen[3]" 3 12, 3 12 0, S_000000000093dfe0;
 .timescale 0 0;
P_00000000008993e0 .param/l "i" 0 3 12, +C4<011>;
L_00000000008925c0 .functor AND 1, L_00000000008fd590, L_00000000008fd6d0, C4<1>, C4<1>;
L_0000000000892320 .functor OR 1, L_00000000008fd4f0, L_00000000008925c0, C4<0>, C4<0>;
v000000000088e380_0 .net *"_s0", 0 0, L_00000000008fd4f0;  1 drivers
v0000000000871790_0 .net *"_s1", 0 0, L_00000000008fd590;  1 drivers
v0000000000870f70_0 .net *"_s2", 0 0, L_00000000008fd6d0;  1 drivers
v00000000008711f0_0 .net *"_s3", 0 0, L_00000000008925c0;  1 drivers
v0000000000871830_0 .net *"_s5", 0 0, L_0000000000892320;  1 drivers
S_00000000008f6350 .scope generate, "cla_gen[4]" "cla_gen[4]" 3 12, 3 12 0, S_000000000093dfe0;
 .timescale 0 0;
P_0000000000898f20 .param/l "i" 0 3 12, +C4<0100>;
L_0000000000892e80 .functor AND 1, L_0000000000900830, L_0000000000900fb0, C4<1>, C4<1>;
L_0000000000892da0 .functor OR 1, L_00000000008ff890, L_0000000000892e80, C4<0>, C4<0>;
v0000000000871bf0_0 .net *"_s0", 0 0, L_00000000008ff890;  1 drivers
v0000000000870070_0 .net *"_s1", 0 0, L_0000000000900830;  1 drivers
v000000000086fe90_0 .net *"_s2", 0 0, L_0000000000900fb0;  1 drivers
v0000000000870390_0 .net *"_s3", 0 0, L_0000000000892e80;  1 drivers
v0000000000863f10_0 .net *"_s5", 0 0, L_0000000000892da0;  1 drivers
S_00000000008f64e0 .scope generate, "cla_gen[5]" "cla_gen[5]" 3 12, 3 12 0, S_000000000093dfe0;
 .timescale 0 0;
P_0000000000898ce0 .param/l "i" 0 3 12, +C4<0101>;
L_0000000000892ef0 .functor AND 1, L_0000000000900290, L_0000000000900e70, C4<1>, C4<1>;
L_0000000000892710 .functor OR 1, L_00000000008ffd90, L_0000000000892ef0, C4<0>, C4<0>;
v00000000008635b0_0 .net *"_s0", 0 0, L_00000000008ffd90;  1 drivers
v00000000008f7020_0 .net *"_s1", 0 0, L_0000000000900290;  1 drivers
v00000000008f8420_0 .net *"_s2", 0 0, L_0000000000900e70;  1 drivers
v00000000008f66c0_0 .net *"_s3", 0 0, L_0000000000892ef0;  1 drivers
v00000000008f6760_0 .net *"_s5", 0 0, L_0000000000892710;  1 drivers
S_00000000008f8680 .scope generate, "cla_gen[6]" "cla_gen[6]" 3 12, 3 12 0, S_000000000093dfe0;
 .timescale 0 0;
P_00000000008991e0 .param/l "i" 0 3 12, +C4<0110>;
L_0000000000892630 .functor AND 1, L_0000000000900d30, L_00000000008ffe30, C4<1>, C4<1>;
L_0000000000892b00 .functor OR 1, L_00000000009005b0, L_0000000000892630, C4<0>, C4<0>;
v00000000008f7fc0_0 .net *"_s0", 0 0, L_00000000009005b0;  1 drivers
v00000000008f7ac0_0 .net *"_s1", 0 0, L_0000000000900d30;  1 drivers
v00000000008f73e0_0 .net *"_s2", 0 0, L_00000000008ffe30;  1 drivers
v00000000008f82e0_0 .net *"_s3", 0 0, L_0000000000892630;  1 drivers
v00000000008f6f80_0 .net *"_s5", 0 0, L_0000000000892b00;  1 drivers
S_00000000008f8810 .scope generate, "cla_gen[7]" "cla_gen[7]" 3 12, 3 12 0, S_000000000093dfe0;
 .timescale 0 0;
P_0000000000898d60 .param/l "i" 0 3 12, +C4<0111>;
L_00000000008926a0 .functor AND 1, L_0000000000900dd0, L_0000000000900150, C4<1>, C4<1>;
L_00000000008929b0 .functor OR 1, L_0000000000900010, L_00000000008926a0, C4<0>, C4<0>;
v00000000008f6bc0_0 .net *"_s0", 0 0, L_0000000000900010;  1 drivers
v00000000008f7d40_0 .net *"_s1", 0 0, L_0000000000900dd0;  1 drivers
v00000000008f7340_0 .net *"_s2", 0 0, L_0000000000900150;  1 drivers
v00000000008f7480_0 .net *"_s3", 0 0, L_00000000008926a0;  1 drivers
v00000000008f70c0_0 .net *"_s5", 0 0, L_00000000008929b0;  1 drivers
S_00000000008f89a0 .scope generate, "cla_gen[8]" "cla_gen[8]" 3 12, 3 12 0, S_000000000093dfe0;
 .timescale 0 0;
P_0000000000899820 .param/l "i" 0 3 12, +C4<01000>;
L_0000000000892d30 .functor AND 1, L_00000000008ff930, L_00000000008ffed0, C4<1>, C4<1>;
L_0000000000892390 .functor OR 1, L_00000000009006f0, L_0000000000892d30, C4<0>, C4<0>;
v00000000008f7660_0 .net *"_s0", 0 0, L_00000000009006f0;  1 drivers
v00000000008f77a0_0 .net *"_s1", 0 0, L_00000000008ff930;  1 drivers
v00000000008f6800_0 .net *"_s2", 0 0, L_00000000008ffed0;  1 drivers
v00000000008f72a0_0 .net *"_s3", 0 0, L_0000000000892d30;  1 drivers
v00000000008f7520_0 .net *"_s5", 0 0, L_0000000000892390;  1 drivers
S_00000000008f8b30 .scope generate, "cla_gen[9]" "cla_gen[9]" 3 12, 3 12 0, S_000000000093dfe0;
 .timescale 0 0;
P_00000000008991a0 .param/l "i" 0 3 12, +C4<01001>;
L_0000000000901e00 .functor AND 1, L_0000000000900f10, L_0000000000900b50, C4<1>, C4<1>;
L_00000000009014d0 .functor OR 1, L_00000000008fff70, L_0000000000901e00, C4<0>, C4<0>;
v00000000008f7ca0_0 .net *"_s0", 0 0, L_00000000008fff70;  1 drivers
v00000000008f7a20_0 .net *"_s1", 0 0, L_0000000000900f10;  1 drivers
v00000000008f7de0_0 .net *"_s2", 0 0, L_0000000000900b50;  1 drivers
v00000000008f6c60_0 .net *"_s3", 0 0, L_0000000000901e00;  1 drivers
v00000000008f8240_0 .net *"_s5", 0 0, L_00000000009014d0;  1 drivers
S_00000000008f8cc0 .scope generate, "cla_gen[10]" "cla_gen[10]" 3 12, 3 12 0, S_000000000093dfe0;
 .timescale 0 0;
P_0000000000899920 .param/l "i" 0 3 12, +C4<01010>;
L_0000000000901c40 .functor AND 1, L_0000000000900330, L_0000000000900470, C4<1>, C4<1>;
L_00000000009013f0 .functor OR 1, L_00000000008ff9d0, L_0000000000901c40, C4<0>, C4<0>;
v00000000008f7e80_0 .net *"_s0", 0 0, L_00000000008ff9d0;  1 drivers
v00000000008f75c0_0 .net *"_s1", 0 0, L_0000000000900330;  1 drivers
v00000000008f68a0_0 .net *"_s2", 0 0, L_0000000000900470;  1 drivers
v00000000008f6d00_0 .net *"_s3", 0 0, L_0000000000901c40;  1 drivers
v00000000008f7700_0 .net *"_s5", 0 0, L_00000000009013f0;  1 drivers
S_00000000008fae60 .scope generate, "cla_gen[11]" "cla_gen[11]" 3 12, 3 12 0, S_000000000093dfe0;
 .timescale 0 0;
P_0000000000899260 .param/l "i" 0 3 12, +C4<01011>;
L_0000000000901380 .functor AND 1, L_00000000008ffcf0, L_00000000008ff570, C4<1>, C4<1>;
L_0000000000901850 .functor OR 1, L_00000000008ff390, L_0000000000901380, C4<0>, C4<0>;
v00000000008f7840_0 .net *"_s0", 0 0, L_00000000008ff390;  1 drivers
v00000000008f6da0_0 .net *"_s1", 0 0, L_00000000008ffcf0;  1 drivers
v00000000008f6940_0 .net *"_s2", 0 0, L_00000000008ff570;  1 drivers
v00000000008f69e0_0 .net *"_s3", 0 0, L_0000000000901380;  1 drivers
v00000000008f78e0_0 .net *"_s5", 0 0, L_0000000000901850;  1 drivers
S_00000000008faff0 .scope generate, "cla_gen[12]" "cla_gen[12]" 3 12, 3 12 0, S_000000000093dfe0;
 .timescale 0 0;
P_0000000000899320 .param/l "i" 0 3 12, +C4<01100>;
L_00000000009017e0 .functor AND 1, L_00000000008ff610, L_0000000000900650, C4<1>, C4<1>;
L_0000000000901cb0 .functor OR 1, L_00000000009000b0, L_00000000009017e0, C4<0>, C4<0>;
v00000000008f7b60_0 .net *"_s0", 0 0, L_00000000009000b0;  1 drivers
v00000000008f7c00_0 .net *"_s1", 0 0, L_00000000008ff610;  1 drivers
v00000000008f7f20_0 .net *"_s2", 0 0, L_0000000000900650;  1 drivers
v00000000008f8060_0 .net *"_s3", 0 0, L_00000000009017e0;  1 drivers
v00000000008f7980_0 .net *"_s5", 0 0, L_0000000000901cb0;  1 drivers
S_00000000008fb180 .scope generate, "cla_gen[13]" "cla_gen[13]" 3 12, 3 12 0, S_000000000093dfe0;
 .timescale 0 0;
P_0000000000898f60 .param/l "i" 0 3 12, +C4<01101>;
L_0000000000901700 .functor AND 1, L_00000000009001f0, L_0000000000900510, C4<1>, C4<1>;
L_0000000000901540 .functor OR 1, L_00000000009003d0, L_0000000000901700, C4<0>, C4<0>;
v00000000008f8100_0 .net *"_s0", 0 0, L_00000000009003d0;  1 drivers
v00000000008f81a0_0 .net *"_s1", 0 0, L_00000000009001f0;  1 drivers
v00000000008f6a80_0 .net *"_s2", 0 0, L_0000000000900510;  1 drivers
v00000000008f8380_0 .net *"_s3", 0 0, L_0000000000901700;  1 drivers
v00000000008f84c0_0 .net *"_s5", 0 0, L_0000000000901540;  1 drivers
S_00000000008fb810 .scope generate, "cla_gen[14]" "cla_gen[14]" 3 12, 3 12 0, S_000000000093dfe0;
 .timescale 0 0;
P_0000000000899a20 .param/l "i" 0 3 12, +C4<01110>;
L_0000000000902030 .functor AND 1, L_00000000008ffbb0, L_0000000000900bf0, C4<1>, C4<1>;
L_0000000000901b60 .functor OR 1, L_0000000000900790, L_0000000000902030, C4<0>, C4<0>;
v00000000008f8560_0 .net *"_s0", 0 0, L_0000000000900790;  1 drivers
v00000000008f6b20_0 .net *"_s1", 0 0, L_00000000008ffbb0;  1 drivers
v00000000008f6e40_0 .net *"_s2", 0 0, L_0000000000900bf0;  1 drivers
v00000000008f6ee0_0 .net *"_s3", 0 0, L_0000000000902030;  1 drivers
v00000000008f7160_0 .net *"_s5", 0 0, L_0000000000901b60;  1 drivers
S_00000000008fb360 .scope generate, "cla_gen[15]" "cla_gen[15]" 3 12, 3 12 0, S_000000000093dfe0;
 .timescale 0 0;
P_0000000000899860 .param/l "i" 0 3 12, +C4<01111>;
L_0000000000901f50 .functor AND 1, L_00000000009008d0, L_00000000008ff1b0, C4<1>, C4<1>;
L_0000000000901230 .functor OR 1, L_0000000000900ab0, L_0000000000901f50, C4<0>, C4<0>;
v00000000008f7200_0 .net *"_s0", 0 0, L_0000000000900ab0;  1 drivers
v00000000008fd810_0 .net *"_s1", 0 0, L_00000000009008d0;  1 drivers
v00000000008fd8b0_0 .net *"_s2", 0 0, L_00000000008ff1b0;  1 drivers
v00000000008fe030_0 .net *"_s3", 0 0, L_0000000000901f50;  1 drivers
v00000000008fdef0_0 .net *"_s5", 0 0, L_0000000000901230;  1 drivers
    .scope S_000000000089fbb0;
T_0 ;
    %delay 200, 0;
    %vpi_call 2 22 "$finish" {0 0 0};
    %end;
    .thread T_0;
    .scope S_000000000089fbb0;
T_1 ;
    %pushi/vec4 24565, 0, 16;
    %ix/load 4, 0, 0;
    %flag_set/imm 4, 0;
    %store/vec4a v00000000008fe210, 4, 0;
    %pushi/vec4 12654, 0, 16;
    %ix/load 4, 0, 0;
    %flag_set/imm 4, 0;
    %store/vec4a v00000000008fdbd0, 4, 0;
    %pushi/vec4 0, 0, 1;
    %ix/load 4, 0, 0;
    %flag_set/imm 4, 0;
    %store/vec4a v00000000008fd1d0, 4, 0;
    %pushi/vec4 12345, 0, 16;
    %ix/load 4, 1, 0;
    %flag_set/imm 4, 0;
    %store/vec4a v00000000008fe210, 4, 0;
    %pushi/vec4 12389, 0, 16;
    %ix/load 4, 1, 0;
    %flag_set/imm 4, 0;
    %store/vec4a v00000000008fdbd0, 4, 0;
    %pushi/vec4 1, 0, 1;
    %ix/load 4, 1, 0;
    %flag_set/imm 4, 0;
    %store/vec4a v00000000008fd1d0, 4, 0;
    %pushi/vec4 50968, 0, 16;
    %ix/load 4, 2, 0;
    %flag_set/imm 4, 0;
    %store/vec4a v00000000008fe210, 4, 0;
    %pushi/vec4 12354, 0, 16;
    %ix/load 4, 2, 0;
    %flag_set/imm 4, 0;
    %store/vec4a v00000000008fdbd0, 4, 0;
    %pushi/vec4 0, 0, 1;
    %ix/load 4, 2, 0;
    %flag_set/imm 4, 0;
    %store/vec4a v00000000008fd1d0, 4, 0;
    %pushi/vec4 49858, 0, 16;
    %ix/load 4, 3, 0;
    %flag_set/imm 4, 0;
    %store/vec4a v00000000008fe210, 4, 0;
    %pushi/vec4 32769, 0, 16;
    %ix/load 4, 3, 0;
    %flag_set/imm 4, 0;
    %store/vec4a v00000000008fdbd0, 4, 0;
    %pushi/vec4 1, 0, 1;
    %ix/load 4, 3, 0;
    %flag_set/imm 4, 0;
    %store/vec4a v00000000008fd1d0, 4, 0;
    %pushi/vec4 65535, 0, 16;
    %ix/load 4, 4, 0;
    %flag_set/imm 4, 0;
    %store/vec4a v00000000008fe210, 4, 0;
    %pushi/vec4 65529, 0, 16;
    %ix/load 4, 4, 0;
    %flag_set/imm 4, 0;
    %store/vec4a v00000000008fdbd0, 4, 0;
    %pushi/vec4 0, 0, 1;
    %ix/load 4, 4, 0;
    %flag_set/imm 4, 0;
    %store/vec4a v00000000008fd1d0, 4, 0;
    %pushi/vec4 65534, 0, 16;
    %ix/load 4, 5, 0;
    %flag_set/imm 4, 0;
    %store/vec4a v00000000008fe210, 4, 0;
    %pushi/vec4 2, 0, 16;
    %ix/load 4, 5, 0;
    %flag_set/imm 4, 0;
    %store/vec4a v00000000008fdbd0, 4, 0;
    %pushi/vec4 1, 0, 1;
    %ix/load 4, 5, 0;
    %flag_set/imm 4, 0;
    %store/vec4a v00000000008fd1d0, 4, 0;
    %pushi/vec4 65531, 0, 16;
    %ix/load 4, 6, 0;
    %flag_set/imm 4, 0;
    %store/vec4a v00000000008fe210, 4, 0;
    %pushi/vec4 65532, 0, 16;
    %ix/load 4, 6, 0;
    %flag_set/imm 4, 0;
    %store/vec4a v00000000008fdbd0, 4, 0;
    %pushi/vec4 0, 0, 1;
    %ix/load 4, 6, 0;
    %flag_set/imm 4, 0;
    %store/vec4a v00000000008fd1d0, 4, 0;
    %pushi/vec4 65533, 0, 16;
    %ix/load 4, 7, 0;
    %flag_set/imm 4, 0;
    %store/vec4a v00000000008fe210, 4, 0;
    %pushi/vec4 5, 0, 16;
    %ix/load 4, 7, 0;
    %flag_set/imm 4, 0;
    %store/vec4a v00000000008fdbd0, 4, 0;
    %pushi/vec4 1, 0, 1;
    %ix/load 4, 7, 0;
    %flag_set/imm 4, 0;
    %store/vec4a v00000000008fd1d0, 4, 0;
    %pushi/vec4 2, 0, 16;
    %ix/load 4, 8, 0;
    %flag_set/imm 4, 0;
    %store/vec4a v00000000008fe210, 4, 0;
    %pushi/vec4 7, 0, 16;
    %ix/load 4, 8, 0;
    %flag_set/imm 4, 0;
    %store/vec4a v00000000008fdbd0, 4, 0;
    %pushi/vec4 0, 0, 1;
    %ix/load 4, 8, 0;
    %flag_set/imm 4, 0;
    %store/vec4a v00000000008fd1d0, 4, 0;
    %pushi/vec4 3, 0, 16;
    %ix/load 4, 9, 0;
    %flag_set/imm 4, 0;
    %store/vec4a v00000000008fe210, 4, 0;
    %pushi/vec4 3, 0, 16;
    %ix/load 4, 9, 0;
    %flag_set/imm 4, 0;
    %store/vec4a v00000000008fdbd0, 4, 0;
    %pushi/vec4 1, 0, 1;
    %ix/load 4, 9, 0;
    %flag_set/imm 4, 0;
    %store/vec4a v00000000008fd1d0, 4, 0;
    %end;
    .thread T_1;
    .scope S_000000000089fbb0;
T_2 ;
    %pushi/vec4 0, 0, 16;
    %store/vec4 v00000000008fd9f0_0, 0, 16;
    %pushi/vec4 0, 0, 16;
    %store/vec4 v00000000008fc910_0, 0, 16;
    %pushi/vec4 0, 0, 1;
    %store/vec4 v00000000008fca50_0, 0, 1;
    %pushi/vec4 0, 0, 32;
    %store/vec4 v00000000008fc7d0_0, 0, 32;
T_2.0 ;
    %load/vec4 v00000000008fc7d0_0;
    %cmpi/u 10, 0, 32;
    %jmp/0xz T_2.1, 5;
    %delay 5, 0;
    %ix/getv 4, v00000000008fc7d0_0;
    %load/vec4a v00000000008fe210, 4;
    %store/vec4 v00000000008fd9f0_0, 0, 16;
    %ix/getv 4, v00000000008fc7d0_0;
    %load/vec4a v00000000008fdbd0, 4;
    %store/vec4 v00000000008fc910_0, 0, 16;
    %ix/getv 4, v00000000008fc7d0_0;
    %load/vec4a v00000000008fd1d0, 4;
    %store/vec4 v00000000008fca50_0, 0, 1;
    %load/vec4 v00000000008fc7d0_0;
    %addi 1, 0, 32;
    %store/vec4 v00000000008fc7d0_0, 0, 32;
    %jmp T_2.0;
T_2.1 ;
    %end;
    .thread T_2;
    .scope S_000000000089fbb0;
T_3 ;
    %vpi_call 2 58 "$dumpfile", "h2_output.vcd" {0 0 0};
    %vpi_call 2 59 "$dumpvars" {0 0 0};
    %end;
    .thread T_3;
# The file index is used to find the file name in the following table.
:file_names 4;
    "N/A";
    "<interactive>";
    "cla_top.v";
    "adder.v";
